\BOOKMARK [1][-]{section.1}{\376\377\000I\000n\000t\000r\000o\000d\000u\000c\000t\000i\000o\000n}{}% 1
\BOOKMARK [1][-]{section.2}{\376\377\000S\000y\000s\000t\000e\000m\000\040\000A\000r\000c\000h\000i\000t\000e\000c\000t\000u\000r\000e}{}% 2
\BOOKMARK [2][-]{subsection.2.1}{\376\377\000M\000u\000l\000t\000i\000-\000L\000a\000n\000g\000u\000a\000g\000e\000\040\000E\000n\000g\000i\000n\000e\000\040\000D\000e\000s\000i\000g\000n}{section.2}% 3
\BOOKMARK [2][-]{subsection.2.2}{\376\377\000O\000r\000d\000e\000r\000\040\000B\000o\000o\000k\000\040\000O\000p\000t\000i\000m\000i\000z\000a\000t\000i\000o\000n\000s}{section.2}% 4
\BOOKMARK [3][-]{subsubsection.2.2.1}{\376\377\000I\000n\000t\000e\000g\000e\000r\000\040\000P\000r\000i\000c\000e\000\040\000K\000e\000y\000s}{subsection.2.2}% 5
\BOOKMARK [3][-]{subsubsection.2.2.2}{\376\377\000L\000o\000c\000k\000-\000F\000r\000e\000e\000\040\000D\000a\000t\000a\000\040\000S\000t\000r\000u\000c\000t\000u\000r\000e\000s}{subsection.2.2}% 6
\BOOKMARK [3][-]{subsubsection.2.2.3}{\376\377\000O\000\050\0001\000\051\000\040\000O\000r\000d\000e\000r\000\040\000O\000p\000e\000r\000a\000t\000i\000o\000n\000s}{subsection.2.2}% 7
\BOOKMARK [1][-]{section.3}{\376\377\000N\000e\000t\000w\000o\000r\000k\000\040\000A\000r\000c\000h\000i\000t\000e\000c\000t\000u\000r\000e}{}% 8
\BOOKMARK [2][-]{subsection.3.1}{\376\377\000B\000i\000n\000a\000r\000y\000\040\000F\000I\000X\000\040\000P\000r\000o\000t\000o\000c\000o\000l}{section.3}% 9
\BOOKMARK [2][-]{subsection.3.2}{\376\377\000K\000e\000r\000n\000e\000l\000-\000B\000y\000p\000a\000s\000s\000\040\000N\000e\000t\000w\000o\000r\000k\000i\000n\000g}{section.3}% 10
\BOOKMARK [1][-]{section.4}{\376\377\000C\000o\000n\000s\000e\000n\000s\000u\000s\000\040\000M\000e\000c\000h\000a\000n\000i\000s\000m}{}% 11
\BOOKMARK [2][-]{subsection.4.1}{\376\377\000F\000a\000s\000t\000\040\000P\000r\000o\000b\000a\000b\000i\000l\000i\000s\000t\000i\000c\000\040\000C\000o\000n\000s\000e\000n\000s\000u\000s\000\040\000\050\000F\000P\000C\000\051}{section.4}% 12
\BOOKMARK [2][-]{subsection.4.2}{\376\377\000Q\000u\000a\000n\000t\000u\000m\000-\000R\000e\000s\000i\000s\000t\000a\000n\000t\000\040\000S\000e\000c\000u\000r\000i\000t\000y}{section.4}% 13
\BOOKMARK [2][-]{subsection.4.3}{\376\377\000D\000A\000G\000-\000B\000a\000s\000e\000d\000\040\000O\000r\000d\000e\000r\000i\000n\000g}{section.4}% 14
\BOOKMARK [1][-]{section.5}{\376\377\000P\000e\000r\000f\000o\000r\000m\000a\000n\000c\000e\000\040\000E\000v\000a\000l\000u\000a\000t\000i\000o\000n}{}% 15
\BOOKMARK [2][-]{subsection.5.1}{\376\377\000E\000x\000p\000e\000r\000i\000m\000e\000n\000t\000a\000l\000\040\000S\000e\000t\000u\000p}{section.5}% 16
\BOOKMARK [2][-]{subsection.5.2}{\376\377\000T\000h\000r\000o\000u\000g\000h\000p\000u\000t\000\040\000R\000e\000s\000u\000l\000t\000s}{section.5}% 17
\BOOKMARK [2][-]{subsection.5.3}{\376\377\000L\000a\000t\000e\000n\000c\000y\000\040\000D\000i\000s\000t\000r\000i\000b\000u\000t\000i\000o\000n}{section.5}% 18
\BOOKMARK [2][-]{subsection.5.4}{\376\377\000N\000e\000t\000w\000o\000r\000k\000\040\000B\000a\000n\000d\000w\000i\000d\000t\000h\000\040\000A\000n\000a\000l\000y\000s\000i\000s}{section.5}% 19
\BOOKMARK [1][-]{section.6}{\376\377\000S\000c\000a\000l\000i\000n\000g\000\040\000t\000o\000\040\0001\0000\0000\000M\000+\000\040\000O\000r\000d\000e\000r\000s\000/\000S\000e\000c\000o\000n\000d}{}% 20
\BOOKMARK [2][-]{subsection.6.1}{\376\377\000H\000o\000r\000i\000z\000o\000n\000t\000a\000l\000\040\000S\000h\000a\000r\000d\000i\000n\000g}{section.6}% 21
\BOOKMARK [2][-]{subsection.6.2}{\376\377\000I\000n\000f\000r\000a\000s\000t\000r\000u\000c\000t\000u\000r\000e\000\040\000M\000u\000l\000t\000i\000p\000l\000i\000e\000r\000s}{section.6}% 22
\BOOKMARK [1][-]{section.7}{\376\377\000C\000o\000m\000p\000a\000r\000i\000s\000o\000n\000\040\000w\000i\000t\000h\000\040\000E\000x\000i\000s\000t\000i\000n\000g\000\040\000S\000y\000s\000t\000e\000m\000s}{}% 23
\BOOKMARK [1][-]{section.8}{\376\377\000S\000e\000c\000u\000r\000i\000t\000y\000\040\000A\000n\000a\000l\000y\000s\000i\000s}{}% 24
\BOOKMARK [2][-]{subsection.8.1}{\376\377\000B\000y\000z\000a\000n\000t\000i\000n\000e\000\040\000F\000a\000u\000l\000t\000\040\000T\000o\000l\000e\000r\000a\000n\000c\000e}{section.8}% 25
\BOOKMARK [2][-]{subsection.8.2}{\376\377\000Q\000u\000a\000n\000t\000u\000m\000\040\000R\000e\000s\000i\000s\000t\000a\000n\000c\000e}{section.8}% 26
\BOOKMARK [2][-]{subsection.8.3}{\376\377\000M\000E\000V\000\040\000P\000r\000o\000t\000e\000c\000t\000i\000o\000n}{section.8}% 27
\BOOKMARK [1][-]{section.9}{\376\377\000S\000t\000o\000r\000a\000g\000e\000\040\000L\000a\000y\000e\000r}{}% 28
\BOOKMARK [2][-]{subsection.9.1}{\376\377\000B\000a\000d\000g\000e\000r\000D\000B\000\040\000I\000n\000t\000e\000g\000r\000a\000t\000i\000o\000n}{section.9}% 29
\BOOKMARK [1][-]{section.10}{\376\377\000F\000u\000t\000u\000r\000e\000\040\000W\000o\000r\000k}{}% 30
\BOOKMARK [2][-]{subsection.10.1}{\376\377\000N\000e\000a\000r\000-\000t\000e\000r\000m\000\040\000E\000n\000h\000a\000n\000c\000e\000m\000e\000n\000t\000s}{section.10}% 31
\BOOKMARK [2][-]{subsection.10.2}{\376\377\000L\000o\000n\000g\000-\000t\000e\000r\000m\000\040\000R\000e\000s\000e\000a\000r\000c\000h}{section.10}% 32
\BOOKMARK [1][-]{section.11}{\376\377\000C\000o\000n\000c\000l\000u\000s\000i\000o\000n}{}% 33
\BOOKMARK [1][-]{appendix.A}{\376\377\000B\000e\000n\000c\000h\000m\000a\000r\000k\000\040\000M\000e\000t\000h\000o\000d\000o\000l\000o\000g\000y}{}% 34
\BOOKMARK [1][-]{appendix.B}{\376\377\000C\000o\000n\000f\000i\000g\000u\000r\000a\000t\000i\000o\000n\000\040\000P\000a\000r\000a\000m\000e\000t\000e\000r\000s}{}% 35
